#
# There is insufficient memory for the Java Runtime Environment to continue.
# Native memory allocation (mmap) failed to map 65536 bytes for Failed to commit metaspace.
# Possible reasons:
#   The system is out of physical RAM or swap space
#   The process is running with CompressedOops enabled, and the Java Heap may be blocking the growth of the native heap
# Possible solutions:
#   Reduce memory load on the system
#   Increase physical memory or swap space
#   Check if swap backing store is full
#   Decrease Java heap size (-Xmx/-Xms)
#   Decrease number of Java threads
#   Decrease Java thread stack sizes (-Xss)
#   Set larger code cache with -XX:ReservedCodeCacheSize=
#   JVM is running with Unscaled Compressed Oops mode in which the Java heap is
#     placed in the first 4GB address space. The Java Heap base address is the
#     maximum limit for the native heap growth. Please use -XX:HeapBaseMinAddress
#     to set the Java Heap base and to place the Java Heap above 4GB virtual address.
# This output file may be truncated or incomplete.
#
#  Out of Memory Error (virtualSpaceNode.cpp:110), pid=27552, tid=16252
#
# JRE version: Java(TM) SE Runtime Environment (19.0.2+7) (build 19.0.2+7-44)
# Java VM: Java HotSpot(TM) 64-Bit Server VM (19.0.2+7-44, mixed mode, tiered, compressed oops, compressed class ptrs, g1 gc, windows-amd64)
# No core dump will be written. Minidumps are not enabled by default on client versions of Windows
#

---------------  S U M M A R Y ------------

Command Line: -Dapplication.home=C:\Program Files\Java\jdk-19 --add-modules=ALL-DEFAULT -Xms8m -Djdk.module.main=jdk.compiler jdk.compiler/com.sun.tools.javac.Main -d C:\Users\HP\Documents\java2 labs\Java2Project\build\classes -classpath C:\Users\HP\Documents\java2 labs\Java2Project\build\classes -sourcepath C:\Users\HP\Documents\java2 labs\Java2Project\build\empty -target 19 -encoding UTF-8 -g -processorpath C:\Users\HP\Documents\java2 labs\Java2Project\build\empty -s C:\Users\HP\Documents\java2 labs\Java2Project\build\generated-sources\ap-source-output -source 19 C:\Users\HP\Documents\java2 labs\Java2Project\src\java2project\GradeBook.java C:\Users\HP\Documents\java2 labs\Java2Project\src\java2project\Student.java C:\Users\HP\Documents\java2 labs\Java2Project\src\java2project\TestGradeBook.java

Host: Intel(R) Core(TM) i5-10300H CPU @ 2.50GHz, 8 cores, 7G,  Windows 11 , 64 bit Build 22621 (10.0.22621.1105)
Time: Thu Jun 15 11:28:16 2023 West Bank Gaza Standard Time elapsed time: 0.162189 seconds (0d 0h 0m 0s)

---------------  T H R E A D  ---------------

Current thread (0x00000266bf0be0a0):  JavaThread "main" [_thread_in_vm, id=16252, stack(0x000000e68b400000,0x000000e68b500000)]

Stack: [0x000000e68b400000,0x000000e68b500000]
Native frames: (J=compiled Java code, j=interpreted, Vv=VM code, C=native code)
V  [jvm.dll+0x6ee21a]
V  [jvm.dll+0x85765e]
V  [jvm.dll+0x85904e]
V  [jvm.dll+0x859703]
V  [jvm.dll+0x28298f]
V  [jvm.dll+0x8532db]
V  [jvm.dll+0x692cb6]
V  [jvm.dll+0x1f2937]
V  [jvm.dll+0x6956f2]
V  [jvm.dll+0x6954de]
V  [jvm.dll+0x6936de]
V  [jvm.dll+0x3c4eaf]
V  [jvm.dll+0x2161bb]
V  [jvm.dll+0x5a9ce0]
V  [jvm.dll+0x2257aa]
V  [jvm.dll+0x7cc802]
V  [jvm.dll+0x7cdc4a]
V  [jvm.dll+0x7cdf78]
V  [jvm.dll+0x271e1b]
V  [jvm.dll+0x3da25e]
C  0x00000266ce57d194

Java frames: (J=compiled Java code, j=interpreted, Vv=VM code)
j  java.util.stream.ReduceOps$3.makeSink()Ljava/util/stream/ReduceOps$3ReducingSink;+0 java.base@19.0.2
j  java.util.stream.ReduceOps$3.makeSink()Ljava/util/stream/ReduceOps$AccumulatingSink;+1 java.base@19.0.2
j  java.util.stream.ReduceOps$ReduceOp.evaluateSequential(Ljava/util/stream/PipelineHelper;Ljava/util/Spliterator;)Ljava/lang/Object;+2 java.base@19.0.2
j  java.util.stream.AbstractPipeline.evaluate(Ljava/util/stream/TerminalOp;)Ljava/lang/Object;+88 java.base@19.0.2
j  java.util.stream.ReferencePipeline.collect(Ljava/util/stream/Collector;)Ljava/lang/Object;+86 java.base@19.0.2
j  jdk.internal.module.DefaultRoots.compute(Ljava/lang/module/ModuleFinder;Ljava/lang/module/ModuleFinder;)Ljava/util/Set;+55 java.base@19.0.2
j  jdk.internal.module.ModuleBootstrap.boot2()Ljava/lang/ModuleLayer;+727 java.base@19.0.2
j  jdk.internal.module.ModuleBootstrap.boot()Ljava/lang/ModuleLayer;+64 java.base@19.0.2
j  java.lang.System.initPhase2(ZZ)I+0 java.base@19.0.2
v  ~StubRoutines::call_stub 0x00000266ce55100e

---------------  P R O C E S S  ---------------

Threads class SMR info:
_java_thread_list=0x00000266e1a23400, length=11, elements={
0x00000266bf0be0a0, 0x00000266e1912430, 0x00000266e1912e60, 0x00000266dd7fa710,
0x00000266dd7fd050, 0x00000266dd7fd980, 0x00000266dd7fe6c0, 0x00000266dd7e6840,
0x00000266e191c9c0, 0x00000266e191f750, 0x00000266e1a9d040
}

Java Threads: ( => current thread )
=>0x00000266bf0be0a0 JavaThread "main" [_thread_in_vm, id=16252, stack(0x000000e68b400000,0x000000e68b500000)]
  0x00000266e1912430 JavaThread "Reference Handler" daemon [_thread_blocked, id=9772, stack(0x000000e68bb00000,0x000000e68bc00000)]
  0x00000266e1912e60 JavaThread "Finalizer" daemon [_thread_blocked, id=40748, stack(0x000000e68bc00000,0x000000e68bd00000)]
  0x00000266dd7fa710 JavaThread "Signal Dispatcher" daemon [_thread_blocked, id=38644, stack(0x000000e68bd00000,0x000000e68be00000)]
  0x00000266dd7fd050 JavaThread "Attach Listener" daemon [_thread_blocked, id=48020, stack(0x000000e68be00000,0x000000e68bf00000)]
  0x00000266dd7fd980 JavaThread "Service Thread" daemon [_thread_blocked, id=45220, stack(0x000000e68bf00000,0x000000e68c000000)]
  0x00000266dd7fe6c0 JavaThread "Monitor Deflation Thread" daemon [_thread_blocked, id=24356, stack(0x000000e68c000000,0x000000e68c100000)]
  0x00000266dd7e6840 JavaThread "C2 CompilerThread0" daemon [_thread_blocked, id=16664, stack(0x000000e68c100000,0x000000e68c200000)]
  0x00000266e191c9c0 JavaThread "C1 CompilerThread0" daemon [_thread_blocked, id=52120, stack(0x000000e68c200000,0x000000e68c300000)]
  0x00000266e191f750 JavaThread "Sweeper thread" daemon [_thread_blocked, id=53240, stack(0x000000e68c300000,0x000000e68c400000)]
  0x00000266e1a9d040 JavaThread "Common-Cleaner" daemon [_thread_blocked, id=44184, stack(0x000000e68c400000,0x000000e68c500000)]

Other Threads:
  0x00000266dd788050 VMThread "VM Thread" [stack: 0x000000e68ba00000,0x000000e68bb00000] [id=6464]
  0x00000266bf11e2f0 WorkerThread "GC Thread#0" [stack: 0x000000e68b500000,0x000000e68b600000] [id=53284]
  0x00000266bf12ee90 ConcurrentGCThread "G1 Main Marker" [stack: 0x000000e68b600000,0x000000e68b700000] [id=28040]
  0x00000266bf130f10 WorkerThread "G1 Conc#0" [stack: 0x000000e68b700000,0x000000e68b800000] [id=52088]
  0x00000266bf15ce90 ConcurrentGCThread "G1 Refine#0" [stack: 0x000000e68b800000,0x000000e68b900000] [id=50816]
  0x00000266bf15d870 ConcurrentGCThread "G1 Service" [stack: 0x000000e68b900000,0x000000e68ba00000] [id=40876]

Threads with active compile tasks:

VM state: not at safepoint (normal execution)

VM Mutex/Monitor currently owned by a thread:  ([mutex/lock_event])
[0x00000266bf0b9070] Metaspace_lock - owner thread: 0x00000266bf0be0a0

Heap address: 0x0000000083600000, size: 1994 MB, Compressed Oops mode: 32-bit

CDS archive(s) not mapped
Compressed class space mapped at: 0x0000000100000000-0x0000000140000000, reserved size: 1073741824
Narrow klass base: 0x0000000000000000, Narrow klass shift: 3, Narrow klass range: 0x140000000

GC Precious Log:
 CardTable entry size: 512
 Card Set container configuration: InlinePtr #cards 5 size 8 Array Of Cards #cards 12 size 40 Howl #buckets 4 coarsen threshold 1843 Howl Bitmap #cards 512 size 80 coarsen threshold 460 Card regions per heap region 1 cards per card region 2048
 CPUs: 8 total, 8 available
 Memory: 7968M
 Large Page Support: Disabled
 NUMA Support: Disabled
 Compressed Oops: Enabled (32-bit)
 Heap Region Size: 1M
 Heap Min Capacity: 8M
 Heap Initial Capacity: 8M
 Heap Max Capacity: 1994M
 Pre-touch: Disabled
 Parallel Workers: 8
 Concurrent Workers: 2
 Concurrent Refinement Workers: 8
 Periodic GC: Disabled

Heap:
 garbage-first heap   total 8192K, used 0K [0x0000000083600000, 0x0000000100000000)
  region size 1024K, 1 young (1024K), 0 survivors (0K)
 Metaspace       used 5080K, committed 5248K, reserved 1114112K
  class space    used 384K, committed 448K, reserved 1048576K

Heap Regions: E=young(eden), S=young(survivor), O=old, HS=humongous(starts), HC=humongous(continues), CS=collection set, F=free, OA=open archive, CA=closed archive, TAMS=top-at-mark-start (previous, next)
|   0|0x0000000083600000, 0x0000000083600000, 0x0000000083700000|  0%| F|  |TAMS 0x0000000083600000, 0x0000000083600000| Untracked 
|   1|0x0000000083700000, 0x0000000083700000, 0x0000000083800000|  0%| F|  |TAMS 0x0000000083700000, 0x0000000083700000| Untracked 
|   2|0x0000000083800000, 0x0000000083800000, 0x0000000083900000|  0%| F|  |TAMS 0x0000000083800000, 0x0000000083800000| Untracked 
|   3|0x0000000083900000, 0x0000000083900000, 0x0000000083a00000|  0%| F|  |TAMS 0x0000000083900000, 0x0000000083900000| Untracked 
|   4|0x0000000083a00000, 0x0000000083a00000, 0x0000000083b00000|  0%| F|  |TAMS 0x0000000083a00000, 0x0000000083a00000| Untracked 
|   5|0x0000000083b00000, 0x0000000083b00000, 0x0000000083c00000|  0%| F|  |TAMS 0x0000000083b00000, 0x0000000083b00000| Untracked 
|   6|0x0000000083c00000, 0x0000000083c00000, 0x0000000083d00000|  0%| F|  |TAMS 0x0000000083c00000, 0x0000000083c00000| Untracked 
|   7|0x0000000083d00000, 0x0000000083de6e60, 0x0000000083e00000| 90%| E|  |TAMS 0x0000000083d00000, 0x0000000083d00000| Complete 

Card table byte_map: [0x00000266d6740000,0x00000266d6b30000] _byte_map_base: 0x00000266d6325000

Marking Bits (Prev, Next): (CMBitMap*) 0x00000266bf11e920, (CMBitMap*) 0x00000266bf11e960
 Prev Bits: [0x00000266d6f20000, 0x00000266d8e48000)
 Next Bits: [0x00000266d8e50000, 0x00000266dad78000)

Polling page: 0x00000266bd030000

Metaspace:

Usage:
  Non-class:      4.59 MB used.
      Class:    384.97 KB used.
       Both:      4.96 MB used.

Virtual space:
  Non-class space:       64.00 MB reserved,       4.69 MB (  7%) committed,  1 nodes.
      Class space:        1.00 GB reserved,     448.00 KB ( <1%) committed,  1 nodes.
             Both:        1.06 GB reserved,       5.12 MB ( <1%) committed. 

Chunk freelists:
   Non-Class:  3.00 MB
       Class:  3.56 MB
        Both:  6.56 MB

MaxMetaspaceSize: unlimited
CompressedClassSpaceSize: 1.00 GB
Initial GC threshold: 21.00 MB
Current GC threshold: 21.00 MB
CDS: off
MetaspaceReclaimPolicy: balanced
 - commit_granule_bytes: 65536.
 - commit_granule_words: 8192.
 - virtual_space_node_default_size: 8388608.
 - enlarge_chunks_in_place: 1.
 - new_chunks_are_fully_committed: 0.
 - uncommit_free_chunks: 1.
 - use_allocation_guard: 0.


Internal statistics:

num_allocs_failed_limit: 0.
num_arena_births: 6.
num_arena_deaths: 0.
num_vsnodes_births: 2.
num_vsnodes_deaths: 0.
num_space_committed: 82.
num_space_uncommitted: 0.
num_chunks_returned_to_freelist: 0.
num_chunks_taken_from_freelist: 9.
num_chunk_merges: 0.
num_chunk_splits: 5.
num_chunks_enlarged: 2.
num_inconsistent_stats: 0.

CodeHeap 'non-profiled nmethods': size=120000Kb used=24Kb max_used=24Kb free=119975Kb
 bounds [0x00000266ceaf0000, 0x00000266ced60000, 0x00000266d6020000]
CodeHeap 'profiled nmethods': size=120000Kb used=81Kb max_used=81Kb free=119918Kb
 bounds [0x00000266c7020000, 0x00000266c7290000, 0x00000266ce550000]
CodeHeap 'non-nmethods': size=5760Kb used=1165Kb max_used=1165Kb free=4594Kb
 bounds [0x00000266ce550000, 0x00000266ce7c0000, 0x00000266ceaf0000]
 total_blobs=430 nmethods=79 adapters=262
 compilation: enabled
              stopped_count=0, restarted_count=0
 full_count=0

Compilation events (20 events):
Event: 0.157 Thread 0x00000266e191c9c0   67       3       java.lang.ref.ReferenceQueue::headIsNull (13 bytes)
Event: 0.157 Thread 0x00000266e191c9c0 nmethod 67 0x00000266c7030210 code [0x00000266c70303a0, 0x00000266c7030518]
Event: 0.157 Thread 0x00000266e191c9c0   68       3       jdk.internal.org.objectweb.asm.SymbolTable::get (13 bytes)
Event: 0.157 Thread 0x00000266e191c9c0 nmethod 68 0x00000266c7030590 code [0x00000266c7030720, 0x00000266c7030878]
Event: 0.157 Thread 0x00000266e191c9c0   69       1       java.lang.invoke.MethodType::ptypes (5 bytes)
Event: 0.158 Thread 0x00000266e191c9c0 nmethod 69 0x00000266ceaf5610 code [0x00000266ceaf57a0, 0x00000266ceaf5858]
Event: 0.158 Thread 0x00000266e191c9c0   70       3       java.lang.invoke.MethodType::hashCode (53 bytes)
Event: 0.158 Thread 0x00000266e191c9c0 nmethod 70 0x00000266c7030990 code [0x00000266c7030b60, 0x00000266c7030ed8]
Event: 0.158 Thread 0x00000266e191c9c0   73       3       java.lang.invoke.MethodType$ConcurrentWeakInternSet::expungeStaleElements (27 bytes)
Event: 0.158 Thread 0x00000266e191c9c0 nmethod 73 0x00000266c7031090 code [0x00000266c7031260, 0x00000266c70315d8]
Event: 0.158 Thread 0x00000266e191c9c0   74   !   3       java.lang.ref.NativeReferenceQueue::poll (28 bytes)
Event: 0.158 Thread 0x00000266e191c9c0 nmethod 74 0x00000266c7031790 code [0x00000266c7031960, 0x00000266c7031ca8]
Event: 0.158 Thread 0x00000266e191c9c0   75       3       java.lang.Class::getClassLoader (28 bytes)
Event: 0.159 Thread 0x00000266e191c9c0 nmethod 75 0x00000266c7031e10 code [0x00000266c7032060, 0x00000266c7032b98]
Event: 0.159 Thread 0x00000266e191c9c0   76       3       jdk.internal.org.objectweb.asm.ByteVector::putUTF8 (144 bytes)
Event: 0.160 Thread 0x00000266e191c9c0 nmethod 76 0x00000266c7032e90 code [0x00000266c7033100, 0x00000266c7033bc8]
Event: 0.160 Thread 0x00000266e191c9c0   77       3       jdk.internal.org.objectweb.asm.SymbolTable::hash (10 bytes)
Event: 0.160 Thread 0x00000266e191c9c0 nmethod 77 0x00000266c7034090 code [0x00000266c7034240, 0x00000266c7034368]
Event: 0.160 Thread 0x00000266e191c9c0   78       3       java.lang.Math::min (11 bytes)
Event: 0.160 Thread 0x00000266e191c9c0 nmethod 78 0x00000266c7034410 code [0x00000266c70345a0, 0x00000266c70346d8]

GC Heap History (0 events):
No events

Dll operation events (2 events):
Event: 0.011 Loaded shared library C:\Program Files\Java\jdk-19\bin\java.dll
Event: 0.055 Loaded shared library C:\Program Files\Java\jdk-19\bin\jsvml.dll

Deoptimization events (0 events):
No events

Classes loaded (20 events):
Event: 0.158 Loading class java/util/function/BinaryOperator done
Event: 0.160 Loading class java/util/stream/ReduceOps
Event: 0.160 Loading class java/util/stream/ReduceOps done
Event: 0.160 Loading class java/util/stream/ReduceOps$3
Event: 0.160 Loading class java/util/stream/ReduceOps$ReduceOp
Event: 0.160 Loading class java/util/stream/TerminalOp
Event: 0.160 Loading class java/util/stream/TerminalOp done
Event: 0.160 Loading class java/util/stream/ReduceOps$ReduceOp done
Event: 0.160 Loading class java/util/stream/ReduceOps$3 done
Event: 0.160 Loading class java/util/stream/ReduceOps$3ReducingSink
Event: 0.160 Loading class java/util/stream/ReduceOps$AccumulatingSink
Event: 0.160 Loading class java/util/stream/TerminalSink
Event: 0.160 Loading class java/util/stream/Sink
Event: 0.160 Loading class java/util/function/Consumer
Event: 0.160 Loading class java/util/function/Consumer done
Event: 0.161 Loading class java/util/stream/Sink done
Event: 0.161 Loading class java/util/stream/TerminalSink done
Event: 0.161 Loading class java/util/stream/ReduceOps$AccumulatingSink done
Event: 0.161 Loading class java/util/stream/ReduceOps$Box
Event: 0.161 Loading class java/util/stream/ReduceOps$Box done

Classes unloaded (0 events):
No events

Classes redefined (0 events):
No events

Internal exceptions (0 events):
No events

VM Operations (0 events):
No events

Events (11 events):
Event: 0.055 Thread 0x00000266bf0be0a0 Thread added: 0x00000266bf0be0a0
Event: 0.093 Thread 0x00000266e1912430 Thread added: 0x00000266e1912430
Event: 0.093 Thread 0x00000266e1912e60 Thread added: 0x00000266e1912e60
Event: 0.095 Thread 0x00000266dd7fa710 Thread added: 0x00000266dd7fa710
Event: 0.095 Thread 0x00000266dd7fd050 Thread added: 0x00000266dd7fd050
Event: 0.095 Thread 0x00000266dd7fd980 Thread added: 0x00000266dd7fd980
Event: 0.095 Thread 0x00000266dd7fe6c0 Thread added: 0x00000266dd7fe6c0
Event: 0.095 Thread 0x00000266dd7e6840 Thread added: 0x00000266dd7e6840
Event: 0.095 Thread 0x00000266e191c9c0 Thread added: 0x00000266e191c9c0
Event: 0.096 Thread 0x00000266e191f750 Thread added: 0x00000266e191f750
Event: 0.152 Thread 0x00000266e1a9d040 Thread added: 0x00000266e1a9d040


Dynamic libraries:
0x00007ff66b270000 - 0x00007ff66b278000 	C:\Program Files\Java\jdk-19\bin\javac.exe
0x00007ffb14570000 - 0x00007ffb14784000 	C:\WINDOWS\SYSTEM32\ntdll.dll
0x00007ffae30e0000 - 0x00007ffae30f7000 	C:\Program Files\Avast Software\Avast\aswhook.dll
0x00007ffb13ae0000 - 0x00007ffb13ba3000 	C:\WINDOWS\System32\KERNEL32.DLL
0x00007ffb11c80000 - 0x00007ffb1201d000 	C:\WINDOWS\System32\KERNELBASE.dll
0x00007ffb11b60000 - 0x00007ffb11c71000 	C:\WINDOWS\System32\ucrtbase.dll
0x00007ffae2a60000 - 0x00007ffae2a78000 	C:\Program Files\Java\jdk-19\bin\jli.dll
0x00007ffb14230000 - 0x00007ffb142de000 	C:\WINDOWS\System32\ADVAPI32.dll
0x00007ffb12eb0000 - 0x00007ffb12f57000 	C:\WINDOWS\System32\msvcrt.dll
0x00007ffb14480000 - 0x00007ffb14524000 	C:\WINDOWS\System32\sechost.dll
0x00007ffb14360000 - 0x00007ffb14475000 	C:\WINDOWS\System32\RPCRT4.dll
0x00007ffb14080000 - 0x00007ffb1422d000 	C:\WINDOWS\System32\USER32.dll
0x00007ffb11a10000 - 0x00007ffb11a36000 	C:\WINDOWS\System32\win32u.dll
0x00007ffb13ce0000 - 0x00007ffb13d09000 	C:\WINDOWS\System32\GDI32.dll
0x00007ffb11a40000 - 0x00007ffb11b52000 	C:\WINDOWS\System32\gdi32full.dll
0x00007ffb12200000 - 0x00007ffb1229a000 	C:\WINDOWS\System32\msvcp_win.dll
0x00007ffaefa20000 - 0x00007ffaefa3b000 	C:\Program Files\Java\jdk-19\bin\VCRUNTIME140.dll
0x00007ffaf2ac0000 - 0x00007ffaf2d4e000 	C:\WINDOWS\WinSxS\amd64_microsoft.windows.common-controls_6595b64144ccf1df_6.0.22621.608_none_a9444ca7c10bb01d\COMCTL32.dll
0x00007ffb0e850000 - 0x00007ffb0e85a000 	C:\WINDOWS\SYSTEM32\VERSION.dll
0x00007ffb12520000 - 0x00007ffb12552000 	C:\WINDOWS\System32\IMM32.DLL
0x00007ffb0e8b0000 - 0x00007ffb0e8bc000 	C:\Program Files\Java\jdk-19\bin\vcruntime140_1.dll
0x00007ffad5950000 - 0x00007ffad59de000 	C:\Program Files\Java\jdk-19\bin\msvcp140.dll
0x00007ffa8f910000 - 0x00007ffa905d0000 	C:\Program Files\Java\jdk-19\bin\server\jvm.dll
0x00007ffaf7cd0000 - 0x00007ffaf7cd9000 	C:\WINDOWS\SYSTEM32\WSOCK32.dll
0x00007ffb13fa0000 - 0x00007ffb14011000 	C:\WINDOWS\System32\WS2_32.dll
0x00007ffb02af0000 - 0x00007ffb02b24000 	C:\WINDOWS\SYSTEM32\WINMM.dll
0x00007ffb10ad0000 - 0x00007ffb10ae8000 	C:\WINDOWS\SYSTEM32\kernel.appcore.dll
0x00007ffb09f90000 - 0x00007ffb09f9a000 	C:\Program Files\Java\jdk-19\bin\jimage.dll
0x00007ffb0f330000 - 0x00007ffb0f55e000 	C:\WINDOWS\SYSTEM32\DBGHELP.DLL
0x00007ffb13750000 - 0x00007ffb13ada000 	C:\WINDOWS\System32\combase.dll
0x00007ffb12560000 - 0x00007ffb12637000 	C:\WINDOWS\System32\OLEAUT32.dll
0x00007ffb0e8f0000 - 0x00007ffb0e922000 	C:\WINDOWS\SYSTEM32\dbgcore.DLL
0x00007ffb11990000 - 0x00007ffb11a0b000 	C:\WINDOWS\System32\bcryptPrimitives.dll
0x00007ffae2680000 - 0x00007ffae26a6000 	C:\Program Files\Java\jdk-19\bin\java.dll
0x00007fface5e0000 - 0x00007fface6b7000 	C:\Program Files\Java\jdk-19\bin\jsvml.dll
0x00007ffb12f60000 - 0x00007ffb1374f000 	C:\WINDOWS\System32\SHELL32.dll
0x00007ffb0f9b0000 - 0x00007ffb10278000 	C:\WINDOWS\SYSTEM32\windows.storage.dll
0x00007ffb0f870000 - 0x00007ffb0f9ae000 	C:\WINDOWS\SYSTEM32\wintypes.dll
0x00007ffb12420000 - 0x00007ffb12511000 	C:\WINDOWS\System32\SHCORE.dll
0x00007ffb14300000 - 0x00007ffb1435e000 	C:\WINDOWS\System32\shlwapi.dll
0x00007ffb118c0000 - 0x00007ffb118e1000 	C:\WINDOWS\SYSTEM32\profapi.dll

dbghelp: loaded successfully - version: 4.0.5 - missing functions: none
symbol engine: initialized successfully - sym options: 0x614 - pdb path: .;C:\Program Files\Java\jdk-19\bin;C:\WINDOWS\SYSTEM32;C:\Program Files\Avast Software\Avast;C:\WINDOWS\WinSxS\amd64_microsoft.windows.common-controls_6595b64144ccf1df_6.0.22621.608_none_a9444ca7c10bb01d;C:\Program Files\Java\jdk-19\bin\server

VM Arguments:
jvm_args: -Dapplication.home=C:\Program Files\Java\jdk-19 --add-modules=ALL-DEFAULT -Xms8m -Djdk.module.main=jdk.compiler 
java_command: jdk.compiler/com.sun.tools.javac.Main -d C:\Users\HP\Documents\java2 labs\Java2Project\build\classes -classpath C:\Users\HP\Documents\java2 labs\Java2Project\build\classes -sourcepath C:\Users\HP\Documents\java2 labs\Java2Project\build\empty -target 19 -encoding UTF-8 -g -processorpath C:\Users\HP\Documents\java2 labs\Java2Project\build\empty -s C:\Users\HP\Documents\java2 labs\Java2Project\build\generated-sources\ap-source-output -source 19 C:\Users\HP\Documents\java2 labs\Java2Project\src\java2project\GradeBook.java C:\Users\HP\Documents\java2 labs\Java2Project\src\java2project\Student.java C:\Users\HP\Documents\java2 labs\Java2Project\src\java2project\TestGradeBook.java
java_class_path (initial): <not set>
Launcher Type: SUN_STANDARD

[Global flags]
     intx CICompilerCount                          = 4                                         {product} {ergonomic}
     uint ConcGCThreads                            = 2                                         {product} {ergonomic}
     uint G1ConcRefinementThreads                  = 8                                         {product} {ergonomic}
   size_t G1HeapRegionSize                         = 1048576                                   {product} {ergonomic}
    uintx GCDrainStackTargetSize                   = 64                                        {product} {ergonomic}
   size_t InitialHeapSize                          = 8388608                                   {product} {command line}
   size_t MarkStackSize                            = 4194304                                   {product} {ergonomic}
   size_t MaxHeapSize                              = 2090860544                                {product} {ergonomic}
   size_t MaxNewSize                               = 1254096896                                {product} {ergonomic}
   size_t MinHeapDeltaBytes                        = 1048576                                   {product} {ergonomic}
   size_t MinHeapSize                              = 8388608                                   {product} {command line}
    uintx NonNMethodCodeHeapSize                   = 5839372                                {pd product} {ergonomic}
    uintx NonProfiledCodeHeapSize                  = 122909434                              {pd product} {ergonomic}
    uintx ProfiledCodeHeapSize                     = 122909434                              {pd product} {ergonomic}
    uintx ReservedCodeCacheSize                    = 251658240                              {pd product} {ergonomic}
     bool SegmentedCodeCache                       = true                                      {product} {ergonomic}
   size_t SoftMaxHeapSize                          = 2090860544                             {manageable} {ergonomic}
     bool UseCompressedClassPointers               = true                           {product lp64_product} {ergonomic}
     bool UseCompressedOops                        = true                           {product lp64_product} {ergonomic}
     bool UseG1GC                                  = true                                      {product} {ergonomic}
     bool UseLargePagesIndividualAllocation        = false                                  {pd product} {ergonomic}

Logging:
Log output configuration:
 #0: stdout all=warning uptime,level,tags foldmultilines=false
 #1: stderr all=off uptime,level,tags foldmultilines=false

Environment Variables:
JAVA_HOME=C:\Program Files\Java\jdk-19
PATH=C:\Program Files\Common Files\Oracle\Java\javapath;C:\Program Files (x86)\Common Files\Oracle\Java\javapath;C:\windows\system32;C:\windows;C:\windows\System32\Wbem;C:\windows\System32\WindowsPowerShell\v1.0\;C:\windows\System32\OpenSSH\;C:\Program Files (x86)\NVIDIA Corporation\PhysX\Common;C:\Program Files\NVIDIA Corporation\NVIDIA NvDLISR;C:\WINDOWS\system32;C:\WINDOWS;C:\WINDOWS\System32\Wbem;C:\WINDOWS\System32\WindowsPowerShell\v1.0\;C:\WINDOWS\System32\OpenSSH\;C:\Program Files\Java\jdk1.8.0_202\bin;C:\Program Files\Java\jdk-19\bin;C:\Users\HP\AppData\Local\Microsoft\WindowsApps
USERNAME=HP
OS=Windows_NT
PROCESSOR_IDENTIFIER=Intel64 Family 6 Model 165 Stepping 2, GenuineIntel
TMP=C:\Users\HP\AppData\Local\Temp
TEMP=C:\Users\HP\AppData\Local\Temp



---------------  S Y S T E M  ---------------

OS:
 Windows 11 , 64 bit Build 22621 (10.0.22621.1105)
OS uptime: 97 days 23:28 hours

CPU: total 8 (initial active 8) (4 cores per cpu, 2 threads per core) family 6 model 165 stepping 2 microcode 0xf0, cx8, cmov, fxsr, ht, mmx, 3dnowpref, sse, sse2, sse3, ssse3, sse4.1, sse4.2, popcnt, lzcnt, tsc, tscinvbit, avx, avx2, aes, erms, clmul, bmi1, bmi2, adx, fma, vzeroupper, clflush, clflushopt, rdtscp

Memory: 4k page, system-wide physical 7968M (611M free)
TotalPageFile size 32544M (AvailPageFile size 1M)
current process WorkingSet (physical memory assigned to process): 28M, peak: 28M
current process commit charge ("private bytes"): 78M, peak: 81M

vm_info: Java HotSpot(TM) 64-Bit Server VM (19.0.2+7-44) for windows-amd64 JRE (19.0.2+7-44), built on 2022-11-30T18:02:09Z by "mach5one" with MS VC++ 17.1 (VS2022)

END.
